DEBUG:decomp:PARAFAC, 1, 0, 4477.3246491834, original
DEBUG:decomp:PARAFAC, 1, 1, 4466.4597597712, original
DEBUG:decomp:PARAFAC, 1, 2, 4466.4497969533, original
DEBUG:decomp:PARAFAC, 1, 3, 4466.4498192424, original
DEBUG:decomp:PARAFAC, 1, 4, 4466.4498194123, original
DEBUG:decomp:PARAFAC, 1, 5, 4466.4498194129, original
DEBUG:decomp:PARAFAC, 1, 6, 4466.4498194129, original
DEBUG:decomp:PARAFAC, 1, 7, 4466.4498194129, original
DEBUG:decomp:PARAFAC, 1, 8, 4466.4498194129, original
DEBUG:decomp:PARAFAC, 2, 0, 4510.3283197868, original
DEBUG:decomp:PARAFAC, 2, 1, 4473.4649304620, original
DEBUG:decomp:PARAFAC, 2, 2, 4493.7875969488, original
DEBUG:decomp:PARAFAC, 2, 3, 4450.7134264401, original
DEBUG:decomp:PARAFAC, 2, 4, 4470.0387299999, original
DEBUG:decomp:PARAFAC, 2, 5, 4447.5020475349, original
DEBUG:decomp:PARAFAC, 2, 6, 4460.1248854518, original
DEBUG:decomp:PARAFAC, 2, 7, 4448.7100481831, original
DEBUG:decomp:PARAFAC, 2, 8, 4455.9625744348, original
DEBUG:decomp:PARAFAC, 3, 0, 5239.3480740971, original
DEBUG:decomp:PARAFAC, 3, 1, 5280.4490268290, original
DEBUG:decomp:PARAFAC, 3, 2, 5279.1180811539, original
DEBUG:decomp:PARAFAC, 3, 3, 5279.4286729677, original
DEBUG:decomp:PARAFAC, 3, 4, 5279.4794646063, original
DEBUG:decomp:PARAFAC, 3, 5, 5358.8452050745, original
DEBUG:decomp:PARAFAC, 3, 6, 4910.4680338613, original
DEBUG:decomp:PARAFAC, 3, 7, 4852.5267756150, original
DEBUG:decomp:PARAFAC, 3, 8, 4994.0893898481, original
DEBUG:decomp:PARAFAC, 4, 0, 5279.9999999999, original
DEBUG:decomp:PARAFAC, 4, 1, 5279.9999996615, original
DEBUG:decomp:PARAFAC, 4, 2, 5280.1759091177, original
DEBUG:decomp:PARAFAC, 4, 3, 5280.0024228896, original
DEBUG:decomp:PARAFAC, 4, 4, 5279.9432747655, original
DEBUG:decomp:PARAFAC, 4, 5, 5280.0090992691, original
DEBUG:decomp:PARAFAC, 4, 6, 5279.9525824842, original
DEBUG:decomp:PARAFAC, 4, 7, 5280.5945867759, original
DEBUG:decomp:PARAFAC, 4, 8, 5279.5806652753, original
DEBUG:decomp:PARAFAC, 5, 0, 12601.7768707275, original
DEBUG:decomp:PARAFAC, 5, 1, 44380.0000000000, original
DEBUG:decomp:PARAFAC, 5, 2, 17761.0000000000, original
DEBUG:decomp:PARAFAC, 5, 3, 61506.0000000000, original
DEBUG:decomp:PARAFAC, 5, 4, 31516.0000000000, original
DEBUG:decomp:PARAFAC, 5, 5, 10660.0000000000, original
DEBUG:decomp:PARAFAC, 5, 6, 56740.0000000000, original
DEBUG:decomp:PARAFAC, 5, 7, 17228.0000000000, original
DEBUG:decomp:PARAFAC, 5, 8, 1731776.0000000000, original
DEBUG:decomp:PARAFAC, 6, 0, 12374.7500000000, original
DEBUG:decomp:PARAFAC, 6, 1, 6138.7500000000, original
DEBUG:decomp:PARAFAC, 6, 2, 7128.2968750000, original
DEBUG:decomp:PARAFAC, 6, 3, 240956.0000000000, original
DEBUG:decomp:PARAFAC, 6, 4, 7297652.0000000000, original
DEBUG:decomp:PARAFAC, 6, 5, 11202545.0000000000, original
DEBUG:decomp:PARAFAC, 6, 6, 1453289012.0000000000, original
DEBUG:decomp:PARAFAC, 6, 7, 540572580.0000000000, original
DEBUG:decomp:PARAFAC, 6, 8, 11418064428.0000000000, original
DEBUG:decomp:PARAFAC, 2, 0, 4944.2233402491, original
DEBUG:decomp:PARAFAC, 2, 1, 4784.6964854355, original
DEBUG:decomp:PARAFAC, 2, 2, 4764.1649422975, original
DEBUG:decomp:PARAFAC, 2, 3, 4739.8049467728, original
DEBUG:decomp:PARAFAC, 2, 4, 4716.8929915949, original
DEBUG:decomp:PARAFAC, 2, 5, 4695.6549277653, original
DEBUG:decomp:PARAFAC, 2, 6, 4673.6649752457, original
DEBUG:decomp:PARAFAC, 2, 7, 4648.6967833930, original
DEBUG:decomp:PARAFAC, 2, 8, 4616.6299569066, original
DEBUG:decomp:PARAFAC, 2, 0, 4714.0485284991, original
DEBUG:decomp:PARAFAC, 2, 1, 4586.1866741140, original
DEBUG:decomp:PARAFAC, 2, 2, 4617.7688995224, original
DEBUG:decomp:PARAFAC, 2, 3, 4470.9942433342, original
DEBUG:decomp:PARAFAC, 2, 4, 4493.4687912045, original
DEBUG:decomp:PARAFAC, 2, 5, 4450.2769387541, original
DEBUG:decomp:PARAFAC, 2, 6, 4469.8972863327, original
DEBUG:decomp:PARAFAC, 2, 7, 4447.4004570172, original
DEBUG:decomp:PARAFAC, 2, 8, 4460.0726083878, original
DEBUG:decomp:PARAFAC, 2, 0, 4941.1323641463, original
DEBUG:decomp:PARAFAC, 2, 1, 4794.4261377234, original
DEBUG:decomp:PARAFAC, 2, 2, 4645.4841753837, original
DEBUG:decomp:PARAFAC, 2, 3, 4672.1973783214, original
DEBUG:decomp:PARAFAC, 2, 4, 4623.1570188553, original
DEBUG:decomp:PARAFAC, 2, 5, 4590.1592441360, original
DEBUG:decomp:PARAFAC, 2, 6, 4523.9075981985, original
DEBUG:decomp:PARAFAC, 2, 7, 4439.4919892516, original
DEBUG:decomp:PARAFAC, 2, 8, 4450.3311072424, original
DEBUG:decomp:PARAFAC, 2, 0, 4894.2167092925, original
DEBUG:decomp:PARAFAC, 2, 1, 4780.9217459280, original
DEBUG:decomp:PARAFAC, 2, 2, 4751.7918428049, original
DEBUG:decomp:PARAFAC, 2, 3, 4730.8613057748, original
DEBUG:decomp:PARAFAC, 2, 4, 4707.5749709638, original
DEBUG:decomp:PARAFAC, 2, 5, 4686.8480365667, original
DEBUG:decomp:PARAFAC, 2, 6, 4663.7268837655, original
DEBUG:decomp:PARAFAC, 2, 7, 4636.5328670194, original
DEBUG:decomp:PARAFAC, 2, 8, 4599.5214359212, original
DEBUG:decomp:PARAFAC, 2, 0, 4721.3107227881, original
DEBUG:decomp:PARAFAC, 2, 1, 4490.3502739440, original
DEBUG:decomp:PARAFAC, 2, 2, 4456.2005686741, original
DEBUG:decomp:PARAFAC, 2, 3, 4445.1067412724, original
DEBUG:decomp:PARAFAC, 2, 4, 4465.8791648896, original
DEBUG:decomp:PARAFAC, 2, 5, 4446.4887782447, original
DEBUG:decomp:PARAFAC, 2, 6, 4457.7316413400, original
DEBUG:decomp:PARAFAC, 2, 7, 4448.9850680663, original
DEBUG:decomp:PARAFAC, 2, 8, 4454.9855096039, original
DEBUG:decomp:PARAFAC, 2, 0, 4762.4386095275, original
DEBUG:decomp:PARAFAC, 2, 1, 4597.9035385135, original
DEBUG:decomp:PARAFAC, 2, 2, 4656.9182716157, original
DEBUG:decomp:PARAFAC, 2, 3, 5116.5619339827, original
DEBUG:decomp:PARAFAC, 2, 4, 4785.5222139741, original
DEBUG:decomp:PARAFAC, 2, 5, 4715.3839331812, original
DEBUG:decomp:PARAFAC, 2, 6, 4713.6637793412, original
DEBUG:decomp:PARAFAC, 2, 7, 4683.8455979120, original
DEBUG:decomp:PARAFAC, 2, 8, 4664.6662270571, original
DEBUG:decomp:PARAFAC, 2, 0, 4466.6306791818, original
DEBUG:decomp:PARAFAC, 2, 1, 4455.5279906661, original
DEBUG:decomp:PARAFAC, 2, 2, 4450.8137108040, original
DEBUG:decomp:PARAFAC, 2, 3, 4454.1591003879, original
DEBUG:decomp:PARAFAC, 2, 4, 4451.2642539037, original
DEBUG:decomp:PARAFAC, 2, 5, 4453.1657317963, original
DEBUG:decomp:PARAFAC, 2, 6, 4451.6747074411, original
DEBUG:decomp:PARAFAC, 2, 7, 4452.7084729490, original
DEBUG:decomp:PARAFAC, 2, 8, 4451.9299268315, original
DEBUG:decomp:PARAFAC, 2, 0, 4783.8939975840, original
DEBUG:decomp:PARAFAC, 2, 1, 4775.9782696648, original
DEBUG:decomp:PARAFAC, 2, 2, 4745.8564518803, original
DEBUG:decomp:PARAFAC, 2, 3, 4725.1484705812, original
DEBUG:decomp:PARAFAC, 2, 4, 4702.3150385557, original
DEBUG:decomp:PARAFAC, 2, 5, 4681.3540814198, original
DEBUG:decomp:PARAFAC, 2, 6, 4657.4869346247, original
DEBUG:decomp:PARAFAC, 2, 7, 4628.4918492524, original
DEBUG:decomp:PARAFAC, 2, 8, 4587.7437533657, original
DEBUG:decomp:PARAFAC, 2, 0, 4783.8939975840, original
DEBUG:decomp:PARAFAC, 2, 1, 4775.9782696648, original
DEBUG:decomp:PARAFAC, 2, 2, 4745.8564518803, original
DEBUG:decomp:PARAFAC, 2, 3, 4725.1484705812, original
DEBUG:decomp:PARAFAC, 2, 4, 4702.3150385557, original
DEBUG:decomp:PARAFAC, 2, 5, 4681.3540814198, original
DEBUG:decomp:PARAFAC, 2, 6, 4657.4869346247, original
DEBUG:decomp:PARAFAC, 2, 7, 4628.4918492524, original
DEBUG:decomp:PARAFAC, 2, 8, 4587.7437533657, original
DEBUG:decomp:PARAFAC, 2, 9, 4523.6998021054, original
DEBUG:decomp:PARAFAC, 2, 10, 4438.8398052876, original
DEBUG:decomp:PARAFAC, 2, 11, 4450.5210818507, original
DEBUG:decomp:PARAFAC, 2, 12, 4477.9194751105, original
DEBUG:decomp:PARAFAC, 2, 13, 4443.4155106897, original
DEBUG:decomp:PARAFAC, 2, 14, 4462.5407564209, original
DEBUG:decomp:PARAFAC, 2, 15, 4446.9603970640, original
DEBUG:decomp:PARAFAC, 2, 16, 4457.1494964410, original
DEBUG:decomp:PARAFAC, 2, 17, 4449.2599634078, original
DEBUG:decomp:PARAFAC, 2, 18, 4454.7120372930, original
DEBUG:decomp:PARAFAC, 2, 19, 4450.6079287015, original
DEBUG:decomp:PARAFAC, 2, 0, 4783.8939975840, original
DEBUG:decomp:PARAFAC, 2, 1, 4775.9782696648, original
DEBUG:decomp:PARAFAC, 2, 2, 4745.8564518803, original
DEBUG:decomp:PARAFAC, 2, 3, 4725.1484705812, original
DEBUG:decomp:PARAFAC, 2, 4, 4702.3150385557, original
DEBUG:decomp:PARAFAC, 2, 5, 4681.3540814198, original
DEBUG:decomp:PARAFAC, 2, 6, 4657.4869346247, original
DEBUG:decomp:PARAFAC, 2, 7, 4628.4918492524, original
DEBUG:decomp:PARAFAC, 2, 8, 4587.7437533657, original
DEBUG:decomp:PARAFAC, 2, 9, 4523.6998021054, original
DEBUG:decomp:PARAFAC, 2, 10, 4438.8398052876, original
DEBUG:decomp:PARAFAC, 2, 11, 4450.5210818507, original
DEBUG:decomp:PARAFAC, 2, 12, 4477.9194751105, original
DEBUG:decomp:PARAFAC, 2, 13, 4443.4155106897, original
DEBUG:decomp:PARAFAC, 2, 14, 4462.5407564209, original
DEBUG:decomp:PARAFAC, 2, 15, 4446.9603970640, original
DEBUG:decomp:PARAFAC, 2, 16, 4457.1494964410, original
DEBUG:decomp:PARAFAC, 2, 17, 4449.2599634078, original
DEBUG:decomp:PARAFAC, 2, 18, 4454.7120372930, original
DEBUG:decomp:PARAFAC, 2, 19, 4450.6079287015, original
DEBUG:decomp:PARAFAC, 2, 0, 4783.8939975840, original
DEBUG:decomp:PARAFAC, 2, 1, 4775.9782696648, original
DEBUG:decomp:PARAFAC, 2, 2, 4745.8564518803, original
DEBUG:decomp:PARAFAC, 2, 3, 4725.1484705812, original
DEBUG:decomp:PARAFAC, 2, 4, 4702.3150385557, original
DEBUG:decomp:PARAFAC, 2, 5, 4681.3540814198, original
DEBUG:decomp:PARAFAC, 2, 6, 4657.4869346247, original
DEBUG:decomp:PARAFAC, 2, 7, 4628.4918492524, original
DEBUG:decomp:PARAFAC, 2, 8, 4587.7437533657, original
DEBUG:decomp:PARAFAC, 2, 9, 4523.6998021054, original
DEBUG:decomp:PARAFAC, 2, 10, 4438.8398052876, original
DEBUG:decomp:PARAFAC, 2, 11, 4450.5210818507, original
DEBUG:decomp:PARAFAC, 2, 12, 4477.9194751105, original
DEBUG:decomp:PARAFAC, 2, 13, 4443.4155106897, original
DEBUG:decomp:PARAFAC, 2, 14, 4462.5407564209, original
DEBUG:decomp:PARAFAC, 2, 15, 4446.9603970640, original
DEBUG:decomp:PARAFAC, 2, 16, 4457.1494964410, original
DEBUG:decomp:PARAFAC, 2, 17, 4449.2599634078, original
DEBUG:decomp:PARAFAC, 2, 18, 4454.7120372930, original
DEBUG:decomp:PARAFAC, 2, 19, 4450.6079287015, original
DEBUG:decomp:PARAFAC, 2, 0, 4783.8939975840, original
DEBUG:decomp:PARAFAC, 2, 1, 4775.9782696648, original
DEBUG:decomp:PARAFAC, 2, 2, 4745.8564518803, original
DEBUG:decomp:PARAFAC, 2, 3, 4725.1484705812, original
DEBUG:decomp:PARAFAC, 2, 4, 4702.3150385557, original
DEBUG:decomp:PARAFAC, 2, 5, 4681.3540814198, original
DEBUG:decomp:PARAFAC, 2, 6, 4657.4869346247, original
DEBUG:decomp:PARAFAC, 2, 7, 4628.4918492524, original
DEBUG:decomp:PARAFAC, 2, 8, 4587.7437533657, original
DEBUG:decomp:PARAFAC, 2, 9, 4523.6998021054, original
DEBUG:decomp:PARAFAC, 2, 10, 4438.8398052876, original
DEBUG:decomp:PARAFAC, 2, 11, 4450.5210818507, original
DEBUG:decomp:PARAFAC, 2, 12, 4477.9194751105, original
DEBUG:decomp:PARAFAC, 2, 13, 4443.4155106897, original
DEBUG:decomp:PARAFAC, 2, 14, 4462.5407564209, original
DEBUG:decomp:PARAFAC, 2, 15, 4446.9603970640, original
DEBUG:decomp:PARAFAC, 2, 16, 4457.1494964410, original
DEBUG:decomp:PARAFAC, 2, 17, 4449.2599634078, original
DEBUG:decomp:PARAFAC, 2, 18, 4454.7120372930, original
DEBUG:decomp:PARAFAC, 2, 19, 4450.6079287015, original
DEBUG:decomp:PARAFAC, 2, 0, 4783.8939975840, original
DEBUG:decomp:PARAFAC, 2, 1, 4775.9782696648, original
DEBUG:decomp:PARAFAC, 2, 2, 4745.8564518803, original
DEBUG:decomp:PARAFAC, 2, 3, 4725.1484705812, original
DEBUG:decomp:PARAFAC, 2, 4, 4702.3150385557, original
DEBUG:decomp:PARAFAC, 2, 5, 4681.3540814198, original
DEBUG:decomp:PARAFAC, 2, 6, 4657.4869346247, original
DEBUG:decomp:PARAFAC, 2, 7, 4628.4918492524, original
DEBUG:decomp:PARAFAC, 2, 8, 4587.7437533657, original
DEBUG:decomp:PARAFAC, 2, 9, 4523.6998021054, original
DEBUG:decomp:PARAFAC, 2, 10, 4438.8398052876, original
DEBUG:decomp:PARAFAC, 2, 11, 4450.5210818507, original
DEBUG:decomp:PARAFAC, 2, 12, 4477.9194751105, original
DEBUG:decomp:PARAFAC, 2, 13, 4443.4155106897, original
DEBUG:decomp:PARAFAC, 2, 14, 4462.5407564209, original
DEBUG:decomp:PARAFAC, 2, 15, 4446.9603970640, original
DEBUG:decomp:PARAFAC, 2, 16, 4457.1494964410, original
DEBUG:decomp:PARAFAC, 2, 17, 4449.2599634078, original
DEBUG:decomp:PARAFAC, 2, 18, 4454.7120372930, original
DEBUG:decomp:PARAFAC, 2, 19, 4450.6079287015, original
DEBUG:decomp:PARAFAC, 2, 0, 4783.8939975840, original
DEBUG:decomp:PARAFAC, 2, 1, 4775.9782696648, original
DEBUG:decomp:PARAFAC, 2, 2, 4745.8564518803, original
DEBUG:decomp:PARAFAC, 2, 3, 4725.1484705812, original
DEBUG:decomp:PARAFAC, 2, 4, 4702.3150385557, original
DEBUG:decomp:PARAFAC, 2, 5, 4681.3540814198, original
DEBUG:decomp:PARAFAC, 2, 6, 4657.4869346247, original
DEBUG:decomp:PARAFAC, 2, 7, 4628.4918492524, original
DEBUG:decomp:PARAFAC, 2, 8, 4587.7437533657, original
DEBUG:decomp:PARAFAC, 2, 9, 4523.6998021054, original
DEBUG:decomp:PARAFAC, 2, 10, 4438.8398052876, original
DEBUG:decomp:PARAFAC, 2, 11, 4450.5210818507, original
DEBUG:decomp:PARAFAC, 2, 12, 4477.9194751105, original
DEBUG:decomp:PARAFAC, 2, 13, 4443.4155106897, original
DEBUG:decomp:PARAFAC, 2, 14, 4462.5407564209, original
DEBUG:decomp:PARAFAC, 2, 15, 4446.9603970640, original
DEBUG:decomp:PARAFAC, 2, 16, 4457.1494964410, original
DEBUG:decomp:PARAFAC, 2, 17, 4449.2599634078, original
DEBUG:decomp:PARAFAC, 2, 18, 4454.7120372930, original
DEBUG:decomp:PARAFAC, 2, 19, 4450.6079287015, original
DEBUG:decomp:PARAFAC, 2, 0, 4783.8939975840, original
DEBUG:decomp:PARAFAC, 2, 1, 4775.9782696648, original
DEBUG:decomp:PARAFAC, 2, 2, 4745.8564518803, original
DEBUG:decomp:PARAFAC, 2, 3, 4725.1484705812, original
DEBUG:decomp:PARAFAC, 2, 4, 4702.3150385557, original
DEBUG:decomp:PARAFAC, 2, 5, 4681.3540814198, original
DEBUG:decomp:PARAFAC, 2, 6, 4657.4869346247, original
DEBUG:decomp:PARAFAC, 2, 7, 4628.4918492524, original
DEBUG:decomp:PARAFAC, 2, 8, 4587.7437533657, original
DEBUG:decomp:PARAFAC, 2, 9, 4523.6998021054, original
DEBUG:decomp:PARAFAC, 2, 10, 4438.8398052876, original
DEBUG:decomp:PARAFAC, 2, 11, 4450.5210818507, original
DEBUG:decomp:PARAFAC, 2, 12, 4477.9194751105, original
DEBUG:decomp:PARAFAC, 2, 13, 4443.4155106897, original
DEBUG:decomp:PARAFAC, 2, 14, 4462.5407564209, original
DEBUG:decomp:PARAFAC, 2, 15, 4446.9603970640, original
DEBUG:decomp:PARAFAC, 2, 16, 4457.1494964410, original
DEBUG:decomp:PARAFAC, 2, 17, 4449.2599634078, original
DEBUG:decomp:PARAFAC, 2, 18, 4454.7120372930, original
DEBUG:decomp:PARAFAC, 2, 19, 4450.6079287015, original
DEBUG:decomp:PARAFAC, 2, 0, 4783.8939975840, original
DEBUG:decomp:PARAFAC, 2, 1, 4775.9782696648, original
DEBUG:decomp:PARAFAC, 2, 2, 4745.8564518803, original
DEBUG:decomp:PARAFAC, 2, 3, 4725.1484705812, original
DEBUG:decomp:PARAFAC, 2, 4, 4702.3150385557, original
DEBUG:decomp:PARAFAC, 2, 5, 4681.3540814198, original
DEBUG:decomp:PARAFAC, 2, 6, 4657.4869346247, original
DEBUG:decomp:PARAFAC, 2, 7, 4628.4918492524, original
DEBUG:decomp:PARAFAC, 2, 8, 4587.7437533657, original
DEBUG:decomp:PARAFAC, 2, 9, 4523.6998021054, original
DEBUG:decomp:PARAFAC, 2, 10, 4438.8398052876, original
DEBUG:decomp:PARAFAC, 2, 11, 4450.5210818507, original
DEBUG:decomp:PARAFAC, 2, 12, 4477.9194751105, original
DEBUG:decomp:PARAFAC, 2, 13, 4443.4155106897, original
DEBUG:decomp:PARAFAC, 2, 14, 4462.5407564209, original
DEBUG:decomp:PARAFAC, 2, 15, 4446.9603970640, original
DEBUG:decomp:PARAFAC, 2, 16, 4457.1494964410, original
DEBUG:decomp:PARAFAC, 2, 17, 4449.2599634078, original
DEBUG:decomp:PARAFAC, 2, 18, 4454.7120372930, original
DEBUG:decomp:PARAFAC, 2, 19, 4450.6079287015, original
DEBUG:decomp:PARAFAC, 2, 20, 4453.5170050969, original
DEBUG:decomp:PARAFAC, 2, 21, 4451.3609179928, original
DEBUG:decomp:PARAFAC, 2, 22, 4452.9087106069, original
DEBUG:decomp:PARAFAC, 2, 23, 4451.7711997868, original
DEBUG:decomp:PARAFAC, 2, 24, 4452.5931212053, original
DEBUG:decomp:PARAFAC, 2, 25, 4451.9917938830, original
DEBUG:decomp:PARAFAC, 2, 26, 4452.4278300800, original
DEBUG:decomp:PARAFAC, 2, 27, 4452.1096387227, original
DEBUG:decomp:PARAFAC, 2, 28, 4452.3407861649, original
DEBUG:decomp:PARAFAC, 2, 29, 4452.1723633728, original
DEBUG:decomp:PARAFAC, 2, 30, 4452.2948040957, original
DEBUG:decomp:PARAFAC, 2, 31, 4452.2056781496, original
DEBUG:decomp:PARAFAC, 2, 32, 4452.2703693318, original
DEBUG:decomp:PARAFAC, 2, 33, 4452.2229435574, original
DEBUG:decomp:PARAFAC, 2, 34, 4452.2576573959, original
DEBUG:decomp:PARAFAC, 2, 35, 4452.2326137458, original
DEBUG:decomp:PARAFAC, 2, 36, 4452.2504467217, original
DEBUG:decomp:PARAFAC, 2, 37, 4452.2371814632, original
DEBUG:decomp:PARAFAC, 2, 38, 4452.2461177335, original
DEBUG:decomp:PARAFAC, 2, 39, 4452.2396187624, original
DEBUG:decomp:PARAFAC, 2, 40, 4452.2443887901, original
DEBUG:decomp:PARAFAC, 2, 41, 4452.2440241712, original
DEBUG:decomp:PARAFAC, 2, 42, 4452.2388142260, original
DEBUG:decomp:PARAFAC, 2, 43, 4452.2404916097, original
DEBUG:decomp:PARAFAC, 2, 44, 4452.2519654962, original
DEBUG:decomp:PARAFAC, 2, 45, 4452.2685400681, original
DEBUG:decomp:PARAFAC, 2, 46, 4452.2529683975, original
DEBUG:decomp:PARAFAC, 2, 47, 4452.2892809596, original
DEBUG:decomp:PARAFAC, 2, 48, 4452.2776594845, original
DEBUG:decomp:PARAFAC, 2, 49, 4452.2084354266, original
DEBUG:decomp:PARAFAC, 2, 0, 19.7209573558, original
DEBUG:decomp:PARAFAC, 2, 1, 19.0152327237, original
DEBUG:decomp:PARAFAC, 2, 2, 18.0484235021, original
DEBUG:decomp:PARAFAC, 2, 3, 17.3760798329, original
DEBUG:decomp:PARAFAC, 2, 4, 16.6845532975, original
DEBUG:decomp:PARAFAC, 2, 5, 16.0327547175, original
DEBUG:decomp:PARAFAC, 2, 6, 15.2968278923, original
DEBUG:decomp:PARAFAC, 2, 7, 14.3917404001, original
DEBUG:decomp:PARAFAC, 2, 8, 13.1061963246, original
DEBUG:decomp:PARAFAC, 2, 9, 11.0740988585, original
DEBUG:decomp:PARAFAC, 2, 10, 9.1440348964, original
DEBUG:decomp:PARAFAC, 2, 11, 11.7132148922, original
DEBUG:decomp:PARAFAC, 2, 12, 9.1493759311, original
DEBUG:decomp:PARAFAC, 2, 13, 9.2142048763, original
DEBUG:decomp:PARAFAC, 2, 14, 8.7288781235, original
DEBUG:decomp:PARAFAC, 2, 15, 8.8476530889, original
DEBUG:decomp:PARAFAC, 2, 16, 8.6584041439, original
DEBUG:decomp:PARAFAC, 2, 17, 8.7394596669, original
DEBUG:decomp:PARAFAC, 2, 18, 8.6524610373, original
DEBUG:decomp:PARAFAC, 2, 19, 8.7005234080, original
DEBUG:decomp:PARAFAC, 2, 20, 8.6577109057, original
DEBUG:decomp:PARAFAC, 2, 21, 8.6846516081, original
DEBUG:decomp:PARAFAC, 2, 22, 8.6628426317, original
DEBUG:decomp:PARAFAC, 2, 23, 8.6775385747, original
DEBUG:decomp:PARAFAC, 2, 24, 8.6662241710, original
DEBUG:decomp:PARAFAC, 2, 25, 8.6741297485, original
DEBUG:decomp:PARAFAC, 2, 26, 8.6682014555, original
DEBUG:decomp:PARAFAC, 2, 27, 8.6724233582, original
DEBUG:decomp:PARAFAC, 2, 28, 8.6693011536, original
DEBUG:decomp:PARAFAC, 2, 29, 8.6715467568, original
DEBUG:decomp:PARAFAC, 2, 30, 8.6698990190, original
DEBUG:decomp:PARAFAC, 2, 31, 8.6710904097, original
DEBUG:decomp:PARAFAC, 2, 32, 8.6702221908, original
DEBUG:decomp:PARAFAC, 2, 33, 8.6708555541, original
DEBUG:decomp:PARAFAC, 2, 34, 8.6703892244, original
DEBUG:decomp:PARAFAC, 2, 35, 8.6707245813, original
DEBUG:decomp:PARAFAC, 2, 36, 8.6704849289, original
DEBUG:decomp:PARAFAC, 2, 37, 8.6706651605, original
DEBUG:decomp:PARAFAC, 2, 38, 8.6705454189, original
DEBUG:decomp:PARAFAC, 2, 39, 8.6706298956, original
DEBUG:decomp:PARAFAC, 2, 40, 8.6705631106, original
DEBUG:decomp:PARAFAC, 2, 41, 8.6705745589, original
DEBUG:decomp:PARAFAC, 2, 42, 8.6706722142, original
DEBUG:decomp:PARAFAC, 2, 43, 8.6706351955, original
DEBUG:decomp:PARAFAC, 2, 44, 8.6704643668, original
DEBUG:decomp:PARAFAC, 2, 45, 8.6702721385, original
DEBUG:decomp:PARAFAC, 2, 46, 8.6704679205, original
DEBUG:decomp:PARAFAC, 2, 47, 8.6699335937, original
DEBUG:decomp:PARAFAC, 2, 48, 8.6702876697, original
DEBUG:decomp:PARAFAC, 2, 49, 8.6707963365, original
