DEBUG:time:12, 4.144, 2.293, 108.742, 1_uniform
DEBUG:time:14, 4.224, 2.881, 110.243, 1_uniform
DEBUG:time:16, 4.330, 3.376, 108.384, 1_uniform
DEBUG:time:18, 3.936, 3.540, 108.133, 1_uniform
DEBUG:time:12, 3.992, 2.313, 108.742, 1_uniform
DEBUG:time:12, 2.377, 1.361, 162.643, 2_uniform
DEBUG:time:14, 2.485, 1.666, 165.068, 2_uniform
DEBUG:time:16, 1.213, 0.906, 162.272, 2_uniform
DEBUG:time:16, 1.228, 0.925, 162.272, 2_uniform
DEBUG:time:18, 1.204, 1.073, 161.774, 2_uniform
DEBUG:time:12, 1.556, 3.223, 1_mvnd
DEBUG:time:12, 1.569, 3.111, 1_mvnd
DEBUG:time:12, 1.373, 2.493, 1_mvnd
DEBUG:time:14, 1.462, 1.522, 1_mvnd
DEBUG:time:16, 1.398, 1.103, 1_mvnd
DEBUG:time:18, 1.358, 0.934, 1_mvnd
DEBUG:time:12, 7.189, 3.700, 2_mvnd
DEBUG:time:14, 7.153, 5.444, 2_mvnd
DEBUG:time:16, 13.534, 9.675, 2_mvnd
DEBUG:time:16, 13.494, 9.524, 2_mvnd
DEBUG:time:16, 13.681, 9.476, 2_mvnd
DEBUG:time:16, 13.862, 9.984, 2_mvnd
DEBUG:time:18, 13.722, 9.637, 2_mvnd
DEBUG:time:12, 3.184, 4.944, 1_mvnd
DEBUG:time:14, 3.148, 2.521, 1_mvnd
DEBUG:time:16, 3.073, 1.881, 1_mvnd
DEBUG:time:18, 3.064, 1.674, 1_mvnd
DEBUG:time:18, 32.841, 9.660, 22_mvnd
DEBUG:time:12, 15.408, 10.032, 22_mvnd
DEBUG:time:12, 16.476, 10.543, 22_mvnd
DEBUG:time:12, 4.438, 1.961, 22_mvnd
DEBUG:time:12, 3.400, 1.543, 22_mvnd
DEBUG:time:14, 3.408, 1.813, 22_mvnd
DEBUG:time:16, 3.550, 2.024, 22_mvnd
DEBUG:time:18, 3.512, 2.008, 22_mvnd
DEBUG:time:12, 14.733, 8.033, 2_mvnd
DEBUG:time:14, 14.582, 11.649, 2_mvnd
DEBUG:time:16, 13.355, 9.559, 2_mvnd
DEBUG:time:18, 25.233, 9.748, 2_mvnd
DEBUG:time:18, 2.652, 2.392, 152.174, 2_uniform
DEBUG:time:18, 2.635, 2.350, 152.174, 2_uniform
DEBUG:time:18, 17.515, 12.769, 2_mvnd
DEBUG:time:18, 17.613, 12.143, 2_mvnd
DEBUG:time:18, 15.153, 11.587, 2_mvnd
DEBUG:time:12, 4.367, 1.723, 22_mvnd
DEBUG:time:12, 4.257, 1.734, 22_mvnd
DEBUG:time:12, 4.234, 1.928, 22_mvnd
DEBUG:time:12, 3.432, 1.518, 22_mvnd
DEBUG:time:14, 3.366, 1.717, 22_mvnd
DEBUG:time:16, 3.568, 1.971, 22_mvnd
DEBUG:time:18, 40.656, 2.140, 22_mvnd
